2.9527 	WARNING 	We strongly recommend you activate the PTB sound engine in PsychoPy prefs as the preferred audio engine. Its timing is vastly superior. Your prefs are currently set to use ['sounddevice', 'PTB', 'pyo', 'pygame'] (in that order).
9.1060 	WARNING 	User requested fullscreen with size [1280  720], but screen is actually [1920, 1080]. Using actual size
10.6977 	EXP 	Created window1 = Window(allowGUI=True, allowStencil=False, autoLog=True, backendConf=UNKNOWN, bitsMode=UNKNOWN, blendMode='avg', bpc=(8, 8, 8), color=array([0, 0, 0]), colorSpace='rgb', depthBits=8, fullscr=<method-wrapper '__getattribute__' of attributeSetter object at 0x0000029F31FA90D0>, gamma=None, gammaErrorPolicy='raise', lms=UNKNOWN, monitor=<psychopy.monitors.calibTools.Monitor object at 0x0000029F36E5CDC0>, multiSample=False, name='window1', numSamples=2, pos=(0, 0), screen=0, size=array([1920, 1080]), stencilBits=0, stereo=False, units='pix', useFBO=True, useRetina=False, viewOri=0.0, viewPos=None, viewScale=None, waitBlanking=True, winType='pyglet')
10.6979 	EXP 	window1: mouseVisible = True
10.6981 	EXP 	window1: mouseVisible = False
10.6981 	EXP 	window1: Attempting to measure frame rate of screen (0) ...
10.6981 	EXP 	window1: recordFrameIntervals = False
10.8636 	EXP 	window1: recordFrameIntervals = True
11.0474 	EXP 	Screen (0) actual frame rate measured at 59.86Hz
11.0474 	EXP 	window1: recordFrameIntervals = False
13.2780 	EXP 	Created welcome_text = TextStim(__class__=<class 'psychopy.visual.text.TextStim'>, alignHoriz=method-wrapper(...), alignText='center', alignVert=method-wrapper(...), anchorHoriz='center', anchorVert='center', antialias=True, autoDraw=False, autoLog=True, bold=False, color=array([1, 1, 1]), colorSpace='rgb', contrast=1.0, depth=0.0, flipHoriz=False, flipVert=False, font='Open Sans', fontFiles=[], height=50.0, italic=False, languageStyle='LTR', name='welcome_text', opacity=1.0, ori=0.0, pos=array([0., 0.]), rgb=UNKNOWN, text=str(...), units='pix', win=Window(...), wrapWidth=800.0)
13.2827 	EXP 	Created pretrainig_text = TextStim(__class__=<class 'psychopy.visual.text.TextStim'>, alignHoriz=method-wrapper(...), alignText='center', alignVert=method-wrapper(...), anchorHoriz='center', anchorVert='center', antialias=True, autoDraw=False, autoLog=True, bold=False, color=array([1, 1, 1]), colorSpace='rgb', contrast=1.0, depth=0.0, flipHoriz=False, flipVert=False, font='Open Sans', fontFiles=[], height=50.0, italic=False, languageStyle='LTR', name='pretrainig_text', opacity=1.0, ori=0.0, pos=array([0., 0.]), rgb=UNKNOWN, text=str(...), units='pix', win=Window(...), wrapWidth=800.0)
13.2839 	EXP 	Created training_word = TextStim(__class__=<class 'psychopy.visual.text.TextStim'>, alignHoriz=method-wrapper(...), alignText='center', alignVert=method-wrapper(...), anchorHoriz='center', anchorVert='center', antialias=True, autoDraw=False, autoLog=True, bold=False, color=array([1, 1, 1]), colorSpace='rgb', contrast=1.0, depth=0.0, flipHoriz=False, flipVert=False, font='BACS1', fontFiles=[], height=100.0, italic=False, languageStyle='LTR', name='training_word', opacity=1.0, ori=0.0, pos=array([0., 0.]), rgb=UNKNOWN, text='', units='pix', win=Window(...), wrapWidth=500)
13.2852 	EXP 	Created blank = TextStim(__class__=<class 'psychopy.visual.text.TextStim'>, alignHoriz=method-wrapper(...), alignText='center', alignVert=method-wrapper(...), anchorHoriz='center', anchorVert='center', antialias=True, autoDraw=False, autoLog=True, bold=False, color=array([1, 1, 1]), colorSpace='rgb', contrast=1.0, depth=0.0, flipHoriz=False, flipVert=False, font='Open Sans', fontFiles=[], height=0.05, italic=False, languageStyle='LTR', name='blank', opacity=1.0, ori=0.0, pos=array([0., 0.]), rgb=UNKNOWN, text='', units='pix', win=Window(...), wrapWidth=500)
13.2890 	EXP 	Created testing_intro = TextStim(__class__=<class 'psychopy.visual.text.TextStim'>, alignHoriz=method-wrapper(...), alignText='center', alignVert=method-wrapper(...), anchorHoriz='center', anchorVert='center', antialias=True, autoDraw=False, autoLog=True, bold=False, color=array([1, 1, 1]), colorSpace='rgb', contrast=1.0, depth=0.0, flipHoriz=False, flipVert=False, font='Open Sans', fontFiles=[], height=50.0, italic=False, languageStyle='LTR', name='testing_intro', opacity=1.0, ori=0.0, pos=array([0., 0.]), rgb=UNKNOWN, text=str(...), units='pix', win=Window(...), wrapWidth=800.0)
13.2895 	EXP 	Created testing_word = TextStim(__class__=<class 'psychopy.visual.text.TextStim'>, alignHoriz=method-wrapper(...), alignText='center', alignVert=method-wrapper(...), anchorHoriz='center', anchorVert='center', antialias=True, autoDraw=False, autoLog=True, bold=False, color=array([1, 1, 1]), colorSpace='rgb', contrast=1.0, depth=0.0, flipHoriz=False, flipVert=False, font='BACS1', fontFiles=[], height=100.0, italic=False, languageStyle='LTR', name='testing_word', opacity=1.0, ori=0.0, pos=array([0., 0.]), rgb=UNKNOWN, text='', units='pix', win=Window(...), wrapWidth=500)
13.2958 	EXP 	Created testing_text = TextStim(__class__=<class 'psychopy.visual.text.TextStim'>, alignHoriz=method-wrapper(...), alignText='center', alignVert=method-wrapper(...), anchorHoriz='center', anchorVert='center', antialias=True, autoDraw=False, autoLog=True, bold=False, color=array([1, 1, 1]), colorSpace='rgb', contrast=1.0, depth=-2.0, flipHoriz=False, flipVert=False, font='Open Sans', fontFiles=[], height=50.0, italic=False, languageStyle='LTR', name='testing_text', opacity=1.0, ori=0.0, pos=array([  0., 300.]), rgb=UNKNOWN, text=str(...), units='pix', win=Window(...), wrapWidth=800.0)
13.3119 	EXP 	Created keyboard_instructions = TextStim(__class__=<class 'psychopy.visual.text.TextStim'>, alignHoriz=method-wrapper(...), alignText='center', alignVert=method-wrapper(...), anchorHoriz='center', anchorVert='center', antialias=True, autoDraw=False, autoLog=True, bold=False, color=array([1, 1, 1]), colorSpace='rgb', contrast=1.0, depth=-3.0, flipHoriz=False, flipVert=False, font='Open Sans', fontFiles=[], height=25.0, italic=False, languageStyle='LTR', name='keyboard_instructions', opacity=1.0, ori=0.0, pos=array([   0., -300.]), rgb=UNKNOWN, text="Press 'd' for yes, 'k' for no", units='pix', win=Window(...), wrapWidth=800.0)
13.3268 	EXP 	welcome_text: autoDraw = True
16.2731 	EXP 	Created sequence: random, trialTypes=1, nReps=2, seed=None
16.2733 	EXP 	New trial (rep=0, index=0): None
16.2748 	DATA 	Keypress: space
16.2781 	EXP 	welcome_text: autoDraw = False
16.2781 	EXP 	pretrainig_text: autoDraw = True
16.9598 	EXP 	Imported training.csv as conditions, 10 conditions, 1 params
16.9607 	EXP 	Created sequence: random, trialTypes=10, nReps=1, seed=None
16.9609 	EXP 	New trial (rep=0, index=0): OrderedDict([('word', 'vAarYA')])
16.9736 	DATA 	Keypress: space
16.9757 	EXP 	pretrainig_text: autoDraw = False
16.9757 	EXP 	training_word: height = 100.0
16.9757 	EXP 	training_word: height = 100.0
16.9757 	EXP 	training_word: height = 100.0
16.9757 	EXP 	training_word: text = 'vAarYA'
16.9757 	EXP 	training_word: autoDraw = True
17.4775 	EXP 	training_word: autoDraw = False
17.4775 	EXP 	blank: autoDraw = True
17.9616 	EXP 	New trial (rep=0, index=1): OrderedDict([('word', 'laYmrY')])
17.9778 	EXP 	blank: autoDraw = False
17.9778 	EXP 	training_word: height = 100.0
17.9778 	EXP 	training_word: height = 100.0
17.9778 	EXP 	training_word: height = 100.0
17.9778 	EXP 	training_word: text = 'laYmrY'
17.9778 	EXP 	training_word: autoDraw = True
18.4773 	EXP 	training_word: autoDraw = False
18.4773 	EXP 	blank: autoDraw = True
18.9610 	EXP 	New trial (rep=0, index=2): OrderedDict([('word', 'dJNrJU')])
18.9768 	EXP 	blank: autoDraw = False
18.9768 	EXP 	training_word: height = 100.0
18.9768 	EXP 	training_word: height = 100.0
18.9768 	EXP 	training_word: height = 100.0
18.9768 	EXP 	training_word: text = 'dJNrJU'
18.9768 	EXP 	training_word: autoDraw = True
19.4771 	EXP 	training_word: autoDraw = False
19.4771 	EXP 	blank: autoDraw = True
19.9608 	EXP 	New trial (rep=0, index=3): OrderedDict([('word', 'dJNrYA')])
19.9768 	EXP 	blank: autoDraw = False
19.9768 	EXP 	training_word: height = 100.0
19.9768 	EXP 	training_word: height = 100.0
19.9768 	EXP 	training_word: height = 100.0
19.9768 	EXP 	training_word: text = 'dJNrYA'
19.9768 	EXP 	training_word: autoDraw = True
20.4767 	EXP 	training_word: autoDraw = False
20.4767 	EXP 	blank: autoDraw = True
20.9604 	EXP 	New trial (rep=0, index=4): OrderedDict([('word', 'laYmrk')])
20.9765 	EXP 	blank: autoDraw = False
20.9765 	EXP 	training_word: height = 100.0
20.9765 	EXP 	training_word: height = 100.0
20.9765 	EXP 	training_word: height = 100.0
20.9765 	EXP 	training_word: text = 'laYmrk'
20.9765 	EXP 	training_word: autoDraw = True
21.4762 	EXP 	training_word: autoDraw = False
21.4762 	EXP 	blank: autoDraw = True
21.9599 	EXP 	New trial (rep=0, index=5): OrderedDict([('word', 'dJNrlv')])
21.9764 	EXP 	blank: autoDraw = False
21.9764 	EXP 	training_word: height = 100.0
21.9764 	EXP 	training_word: height = 100.0
21.9764 	EXP 	training_word: height = 100.0
21.9764 	EXP 	training_word: text = 'dJNrlv'
21.9764 	EXP 	training_word: autoDraw = True
22.4762 	EXP 	training_word: autoDraw = False
22.4762 	EXP 	blank: autoDraw = True
22.9600 	EXP 	New trial (rep=0, index=6): OrderedDict([('word', 'vAarlv')])
22.9759 	EXP 	blank: autoDraw = False
22.9759 	EXP 	training_word: height = 100.0
22.9759 	EXP 	training_word: height = 100.0
22.9759 	EXP 	training_word: height = 100.0
22.9759 	EXP 	training_word: text = 'vAarlv'
22.9759 	EXP 	training_word: autoDraw = True
23.4756 	EXP 	training_word: autoDraw = False
23.4756 	EXP 	blank: autoDraw = True
23.9595 	EXP 	New trial (rep=0, index=7): OrderedDict([('word', 'vAarJU')])
23.9754 	EXP 	blank: autoDraw = False
23.9754 	EXP 	training_word: height = 100.0
23.9754 	EXP 	training_word: height = 100.0
23.9754 	EXP 	training_word: height = 100.0
23.9754 	EXP 	training_word: text = 'vAarJU'
23.9754 	EXP 	training_word: autoDraw = True
24.4755 	EXP 	training_word: autoDraw = False
24.4755 	EXP 	blank: autoDraw = True
24.9593 	EXP 	New trial (rep=0, index=8): OrderedDict([('word', 'dJNrkd')])
24.9751 	EXP 	blank: autoDraw = False
24.9751 	EXP 	training_word: height = 100.0
24.9751 	EXP 	training_word: height = 100.0
24.9751 	EXP 	training_word: height = 100.0
24.9751 	EXP 	training_word: text = 'dJNrkd'
24.9751 	EXP 	training_word: autoDraw = True
25.4752 	EXP 	training_word: autoDraw = False
25.4752 	EXP 	blank: autoDraw = True
25.9588 	EXP 	New trial (rep=0, index=9): OrderedDict([('word', 'laYmrJ')])
25.9749 	EXP 	blank: autoDraw = False
25.9749 	EXP 	training_word: height = 100.0
25.9749 	EXP 	training_word: height = 100.0
25.9749 	EXP 	training_word: height = 100.0
25.9749 	EXP 	training_word: text = 'laYmrJ'
25.9749 	EXP 	training_word: autoDraw = True
26.4748 	EXP 	training_word: autoDraw = False
26.4748 	EXP 	blank: autoDraw = True
26.9585 	EXP 	New trial (rep=1, index=0): None
26.9746 	EXP 	blank: autoDraw = False
26.9746 	EXP 	pretrainig_text: autoDraw = True
30.5598 	DATA 	Keypress: space
30.5787 	EXP 	Imported training.csv as conditions, 10 conditions, 1 params
30.5790 	EXP 	Created sequence: random, trialTypes=10, nReps=1, seed=None
30.5792 	EXP 	New trial (rep=0, index=0): OrderedDict([('word', 'vAarlv')])
30.5899 	EXP 	pretrainig_text: autoDraw = False
30.5899 	EXP 	training_word: height = 100.0
30.5899 	EXP 	training_word: height = 100.0
30.5899 	EXP 	training_word: height = 100.0
30.5899 	EXP 	training_word: text = 'vAarlv'
30.5899 	EXP 	training_word: autoDraw = True
31.0896 	EXP 	training_word: autoDraw = False
31.0896 	EXP 	training_word: autoDraw = False
31.0896 	EXP 	blank: autoDraw = True
31.5741 	EXP 	New trial (rep=0, index=1): OrderedDict([('word', 'dJNrYA')])
31.5895 	EXP 	blank: autoDraw = False
31.5895 	EXP 	blank: autoDraw = False
31.5895 	EXP 	training_word: height = 100.0
31.5895 	EXP 	training_word: height = 100.0
31.5895 	EXP 	training_word: height = 100.0
31.5895 	EXP 	training_word: text = 'dJNrYA'
31.5895 	EXP 	training_word: autoDraw = True
32.0894 	EXP 	training_word: autoDraw = False
32.0894 	EXP 	training_word: autoDraw = False
32.0894 	EXP 	blank: autoDraw = True
32.5739 	EXP 	New trial (rep=0, index=2): OrderedDict([('word', 'dJNrkd')])
32.5891 	EXP 	blank: autoDraw = False
32.5891 	EXP 	blank: autoDraw = False
32.5891 	EXP 	training_word: height = 100.0
32.5891 	EXP 	training_word: height = 100.0
32.5891 	EXP 	training_word: height = 100.0
32.5891 	EXP 	training_word: text = 'dJNrkd'
32.5891 	EXP 	training_word: autoDraw = True
33.0890 	EXP 	training_word: autoDraw = False
33.0890 	EXP 	training_word: autoDraw = False
33.0890 	EXP 	blank: autoDraw = True
33.5741 	EXP 	New trial (rep=0, index=3): OrderedDict([('word', 'laYmrY')])
33.5888 	EXP 	blank: autoDraw = False
33.5888 	EXP 	blank: autoDraw = False
33.5888 	EXP 	training_word: height = 100.0
33.5888 	EXP 	training_word: height = 100.0
33.5888 	EXP 	training_word: height = 100.0
33.5888 	EXP 	training_word: text = 'laYmrY'
33.5888 	EXP 	training_word: autoDraw = True
34.0888 	EXP 	training_word: autoDraw = False
34.0888 	EXP 	training_word: autoDraw = False
34.0888 	EXP 	blank: autoDraw = True
34.5729 	EXP 	New trial (rep=0, index=4): OrderedDict([('word', 'laYmrJ')])
34.5886 	EXP 	blank: autoDraw = False
34.5886 	EXP 	blank: autoDraw = False
34.5886 	EXP 	training_word: height = 100.0
34.5886 	EXP 	training_word: height = 100.0
34.5886 	EXP 	training_word: height = 100.0
34.5886 	EXP 	training_word: text = 'laYmrJ'
34.5886 	EXP 	training_word: autoDraw = True
35.0883 	EXP 	training_word: autoDraw = False
35.0883 	EXP 	training_word: autoDraw = False
35.0883 	EXP 	blank: autoDraw = True
35.5728 	EXP 	New trial (rep=0, index=5): OrderedDict([('word', 'dJNrlv')])
35.5882 	EXP 	blank: autoDraw = False
35.5882 	EXP 	blank: autoDraw = False
35.5882 	EXP 	training_word: height = 100.0
35.5882 	EXP 	training_word: height = 100.0
35.5882 	EXP 	training_word: height = 100.0
35.5882 	EXP 	training_word: text = 'dJNrlv'
35.5882 	EXP 	training_word: autoDraw = True
36.0879 	EXP 	training_word: autoDraw = False
36.0879 	EXP 	training_word: autoDraw = False
36.0879 	EXP 	blank: autoDraw = True
36.5731 	EXP 	New trial (rep=0, index=6): OrderedDict([('word', 'vAarJU')])
36.5880 	EXP 	blank: autoDraw = False
36.5880 	EXP 	blank: autoDraw = False
36.5880 	EXP 	training_word: height = 100.0
36.5880 	EXP 	training_word: height = 100.0
36.5880 	EXP 	training_word: height = 100.0
36.5880 	EXP 	training_word: text = 'vAarJU'
36.5880 	EXP 	training_word: autoDraw = True
37.0877 	EXP 	training_word: autoDraw = False
37.0877 	EXP 	training_word: autoDraw = False
37.0877 	EXP 	blank: autoDraw = True
37.5719 	EXP 	New trial (rep=0, index=7): OrderedDict([('word', 'dJNrJU')])
37.5875 	EXP 	blank: autoDraw = False
37.5875 	EXP 	blank: autoDraw = False
37.5875 	EXP 	training_word: height = 100.0
37.5875 	EXP 	training_word: height = 100.0
37.5875 	EXP 	training_word: height = 100.0
37.5875 	EXP 	training_word: text = 'dJNrJU'
37.5875 	EXP 	training_word: autoDraw = True
38.0874 	EXP 	training_word: autoDraw = False
38.0874 	EXP 	training_word: autoDraw = False
38.0874 	EXP 	blank: autoDraw = True
38.5721 	EXP 	New trial (rep=0, index=8): OrderedDict([('word', 'vAarYA')])
38.5873 	EXP 	blank: autoDraw = False
38.5873 	EXP 	blank: autoDraw = False
38.5873 	EXP 	training_word: height = 100.0
38.5873 	EXP 	training_word: height = 100.0
38.5873 	EXP 	training_word: height = 100.0
38.5873 	EXP 	training_word: text = 'vAarYA'
38.5873 	EXP 	training_word: autoDraw = True
39.0870 	EXP 	training_word: autoDraw = False
39.0870 	EXP 	training_word: autoDraw = False
39.0870 	EXP 	blank: autoDraw = True
39.5715 	EXP 	New trial (rep=0, index=9): OrderedDict([('word', 'laYmrk')])
39.5870 	EXP 	blank: autoDraw = False
39.5870 	EXP 	blank: autoDraw = False
39.5870 	EXP 	training_word: height = 100.0
39.5870 	EXP 	training_word: height = 100.0
39.5870 	EXP 	training_word: height = 100.0
39.5870 	EXP 	training_word: text = 'laYmrk'
39.5870 	EXP 	training_word: autoDraw = True
40.0868 	EXP 	training_word: autoDraw = False
40.0868 	EXP 	training_word: autoDraw = False
40.0868 	EXP 	blank: autoDraw = True
40.5866 	EXP 	blank: autoDraw = False
40.5866 	EXP 	blank: autoDraw = False
40.5866 	EXP 	testing_intro: autoDraw = True
42.7498 	EXP 	Imported testing.csv as conditions, 39 conditions, 2 params
42.7503 	EXP 	Created sequence: random, trialTypes=39, nReps=1, seed=None
42.7506 	EXP 	New trial (rep=0, index=0): OrderedDict([('word', 'LckGNY'), ('condition', 1)])
42.7647 	DATA 	Keypress: space
42.7666 	EXP 	testing_intro: autoDraw = False
42.7666 	EXP 	testing_word: height = 100.0
42.7666 	EXP 	testing_word: height = 100.0
42.7666 	EXP 	testing_word: height = 100.0
42.7666 	EXP 	testing_word: text = 'LckGNY'
42.7666 	EXP 	testing_word: autoDraw = True
42.7666 	EXP 	testing_text: autoDraw = True
42.7666 	EXP 	keyboard_instructions: autoDraw = True
44.6057 	EXP 	New trial (rep=0, index=1): OrderedDict([('word', 'TAdhMP'), ('condition', 0)])
44.6169 	DATA 	Keypress: k
44.6186 	EXP 	testing_word: autoDraw = False
44.6186 	EXP 	testing_text: autoDraw = False
44.6186 	EXP 	keyboard_instructions: autoDraw = False
44.6186 	EXP 	testing_word: height = 100.0
44.6186 	EXP 	testing_word: height = 100.0
44.6186 	EXP 	testing_word: height = 100.0
44.6186 	EXP 	testing_word: text = 'TAdhMP'
44.6186 	EXP 	testing_word: autoDraw = True
44.6186 	EXP 	testing_text: autoDraw = True
44.6186 	EXP 	keyboard_instructions: autoDraw = True
44.7542 	EXP 	New trial (rep=0, index=2): OrderedDict([('word', 'dJNrAP'), ('condition', 1)])
44.7617 	DATA 	Keypress: d
44.7685 	EXP 	testing_word: autoDraw = False
44.7685 	EXP 	testing_text: autoDraw = False
44.7685 	EXP 	keyboard_instructions: autoDraw = False
44.7685 	EXP 	testing_word: height = 100.0
44.7685 	EXP 	testing_word: height = 100.0
44.7685 	EXP 	testing_word: height = 100.0
44.7685 	EXP 	testing_word: text = 'dJNrAP'
44.7685 	EXP 	testing_word: autoDraw = True
44.7685 	EXP 	testing_text: autoDraw = True
44.7685 	EXP 	keyboard_instructions: autoDraw = True
44.8705 	EXP 	New trial (rep=0, index=3): OrderedDict([('word', 'UAcduY'), ('condition', 0)])
44.8878 	DATA 	Keypress: k
44.8899 	EXP 	testing_word: autoDraw = False
44.8899 	EXP 	testing_text: autoDraw = False
44.8899 	EXP 	keyboard_instructions: autoDraw = False
44.8899 	EXP 	testing_word: height = 100.0
44.8899 	EXP 	testing_word: height = 100.0
44.8899 	EXP 	testing_word: height = 100.0
44.8899 	EXP 	testing_word: text = 'UAcduY'
44.8899 	EXP 	testing_word: autoDraw = True
44.8899 	EXP 	testing_text: autoDraw = True
44.8899 	EXP 	keyboard_instructions: autoDraw = True
44.9874 	EXP 	New trial (rep=0, index=4): OrderedDict([('word', 'EhRmDl'), ('condition', 0)])
44.9973 	DATA 	Keypress: d
45.0016 	EXP 	testing_word: autoDraw = False
45.0016 	EXP 	testing_text: autoDraw = False
45.0016 	EXP 	keyboard_instructions: autoDraw = False
45.0016 	EXP 	testing_word: height = 100.0
45.0016 	EXP 	testing_word: height = 100.0
45.0016 	EXP 	testing_word: height = 100.0
45.0016 	EXP 	testing_word: text = 'EhRmDl'
45.0016 	EXP 	testing_word: autoDraw = True
45.0016 	EXP 	testing_text: autoDraw = True
45.0016 	EXP 	keyboard_instructions: autoDraw = True
45.0707 	EXP 	New trial (rep=0, index=5): OrderedDict([('word', 'hAROKA'), ('condition', 0)])
45.0811 	DATA 	Keypress: k
45.0851 	EXP 	testing_word: autoDraw = False
45.0851 	EXP 	testing_text: autoDraw = False
45.0851 	EXP 	keyboard_instructions: autoDraw = False
45.0851 	EXP 	testing_word: height = 100.0
45.0851 	EXP 	testing_word: height = 100.0
45.0851 	EXP 	testing_word: height = 100.0
45.0851 	EXP 	testing_word: text = 'hAROKA'
45.0851 	EXP 	testing_word: autoDraw = True
45.0851 	EXP 	testing_text: autoDraw = True
45.0851 	EXP 	keyboard_instructions: autoDraw = True
45.2043 	EXP 	New trial (rep=0, index=6): OrderedDict([('word', 'EPERdJ'), ('condition', 1)])
45.2120 	DATA 	Keypress: d
45.2183 	EXP 	testing_word: autoDraw = False
45.2183 	EXP 	testing_text: autoDraw = False
45.2183 	EXP 	keyboard_instructions: autoDraw = False
45.2183 	EXP 	testing_word: height = 100.0
45.2183 	EXP 	testing_word: height = 100.0
45.2183 	EXP 	testing_word: height = 100.0
45.2183 	EXP 	testing_word: text = 'EPERdJ'
45.2183 	EXP 	testing_word: autoDraw = True
45.2183 	EXP 	testing_text: autoDraw = True
45.2183 	EXP 	keyboard_instructions: autoDraw = True
45.2542 	EXP 	New trial (rep=0, index=7): OrderedDict([('word', 'bmbNYA'), ('condition', 0)])
45.2639 	DATA 	Keypress: k
45.2683 	EXP 	testing_word: autoDraw = False
45.2683 	EXP 	testing_text: autoDraw = False
45.2683 	EXP 	keyboard_instructions: autoDraw = False
45.2683 	EXP 	testing_word: height = 100.0
45.2683 	EXP 	testing_word: height = 100.0
45.2683 	EXP 	testing_word: height = 100.0
45.2683 	EXP 	testing_word: text = 'bmbNYA'
45.2683 	EXP 	testing_word: autoDraw = True
45.2683 	EXP 	testing_text: autoDraw = True
45.2683 	EXP 	keyboard_instructions: autoDraw = True
45.6044 	DATA 	Keypress: k
45.6201 	EXP 	New trial (rep=0, index=8): OrderedDict([('word', 'tdDdAP'), ('condition', 0)])
45.6352 	EXP 	testing_word: autoDraw = False
45.6352 	EXP 	testing_text: autoDraw = False
45.6352 	EXP 	keyboard_instructions: autoDraw = False
45.6352 	EXP 	testing_word: height = 100.0
45.6352 	EXP 	testing_word: height = 100.0
45.6352 	EXP 	testing_word: height = 100.0
45.6352 	EXP 	testing_word: text = 'tdDdAP'
45.6352 	EXP 	testing_word: autoDraw = True
45.6352 	EXP 	testing_text: autoDraw = True
45.6352 	EXP 	keyboard_instructions: autoDraw = True
45.7709 	DATA 	Keypress: d
45.7867 	EXP 	New trial (rep=0, index=9): OrderedDict([('word', 'LOLkUD'), ('condition', 1)])
45.8016 	EXP 	testing_word: autoDraw = False
45.8016 	EXP 	testing_text: autoDraw = False
45.8016 	EXP 	keyboard_instructions: autoDraw = False
45.8016 	EXP 	testing_word: height = 100.0
45.8016 	EXP 	testing_word: height = 100.0
45.8016 	EXP 	testing_word: height = 100.0
45.8016 	EXP 	testing_word: text = 'LOLkUD'
45.8016 	EXP 	testing_word: autoDraw = True
45.8016 	EXP 	testing_text: autoDraw = True
45.8016 	EXP 	keyboard_instructions: autoDraw = True
45.8878 	DATA 	Keypress: k
45.9033 	EXP 	New trial (rep=0, index=10): OrderedDict([('word', 'LOLkUk'), ('condition', 0)])
45.9181 	EXP 	testing_word: autoDraw = False
45.9181 	EXP 	testing_text: autoDraw = False
45.9181 	EXP 	keyboard_instructions: autoDraw = False
45.9181 	EXP 	testing_word: height = 100.0
45.9181 	EXP 	testing_word: height = 100.0
45.9181 	EXP 	testing_word: height = 100.0
45.9181 	EXP 	testing_word: text = 'LOLkUk'
45.9181 	EXP 	testing_word: autoDraw = True
45.9181 	EXP 	testing_text: autoDraw = True
45.9181 	EXP 	keyboard_instructions: autoDraw = True
46.0864 	EXP 	New trial (rep=0, index=11): OrderedDict([('word', 'LckGNl'), ('condition', 0)])
46.0923 	DATA 	Keypress: k
46.1011 	EXP 	testing_word: autoDraw = False
46.1011 	EXP 	testing_text: autoDraw = False
46.1011 	EXP 	keyboard_instructions: autoDraw = False
46.1011 	EXP 	testing_word: height = 100.0
46.1011 	EXP 	testing_word: height = 100.0
46.1011 	EXP 	testing_word: height = 100.0
46.1011 	EXP 	testing_word: text = 'LckGNl'
46.1011 	EXP 	testing_word: autoDraw = True
46.1011 	EXP 	testing_text: autoDraw = True
46.1011 	EXP 	keyboard_instructions: autoDraw = True
46.4356 	EXP 	New trial (rep=0, index=12): OrderedDict([('word', 'mBYlPE'), ('condition', 0)])
46.4440 	DATA 	Keypress: k
46.4510 	EXP 	testing_word: autoDraw = False
46.4510 	EXP 	testing_text: autoDraw = False
46.4510 	EXP 	keyboard_instructions: autoDraw = False
46.4510 	EXP 	testing_word: height = 100.0
46.4510 	EXP 	testing_word: height = 100.0
46.4510 	EXP 	testing_word: height = 100.0
46.4510 	EXP 	testing_word: text = 'mBYlPE'
46.4510 	EXP 	testing_word: autoDraw = True
46.4510 	EXP 	testing_text: autoDraw = True
46.4510 	EXP 	keyboard_instructions: autoDraw = True
46.6692 	EXP 	New trial (rep=0, index=13): OrderedDict([('word', 'aYQmJU'), ('condition', 0)])
46.6766 	DATA 	Keypress: d
46.6842 	EXP 	testing_word: autoDraw = False
46.6842 	EXP 	testing_text: autoDraw = False
46.6842 	EXP 	keyboard_instructions: autoDraw = False
46.6842 	EXP 	testing_word: height = 100.0
46.6842 	EXP 	testing_word: height = 100.0
46.6842 	EXP 	testing_word: height = 100.0
46.6842 	EXP 	testing_word: text = 'aYQmJU'
46.6842 	EXP 	testing_word: autoDraw = True
46.6842 	EXP 	testing_text: autoDraw = True
46.6842 	EXP 	keyboard_instructions: autoDraw = True
46.8699 	EXP 	New trial (rep=0, index=14): OrderedDict([('word', 'EYtYRY'), ('condition', 0)])
46.8789 	DATA 	Keypress: k
46.8894 	EXP 	testing_word: autoDraw = False
46.8894 	EXP 	testing_text: autoDraw = False
46.8894 	EXP 	keyboard_instructions: autoDraw = False
46.8894 	EXP 	testing_word: height = 100.0
46.8894 	EXP 	testing_word: height = 100.0
46.8894 	EXP 	testing_word: height = 100.0
46.8894 	EXP 	testing_word: text = 'EYtYRY'
46.8894 	EXP 	testing_word: autoDraw = True
46.8894 	EXP 	testing_text: autoDraw = True
46.8894 	EXP 	keyboard_instructions: autoDraw = True
47.0703 	EXP 	New trial (rep=0, index=15): OrderedDict([('word', 'tdDdYL'), ('condition', 1)])
47.0769 	DATA 	Keypress: d
47.0842 	EXP 	testing_word: autoDraw = False
47.0842 	EXP 	testing_text: autoDraw = False
47.0842 	EXP 	keyboard_instructions: autoDraw = False
47.0842 	EXP 	testing_word: height = 100.0
47.0842 	EXP 	testing_word: height = 100.0
47.0842 	EXP 	testing_word: height = 100.0
47.0842 	EXP 	testing_word: text = 'tdDdYL'
47.0842 	EXP 	testing_word: autoDraw = True
47.0842 	EXP 	testing_text: autoDraw = True
47.0842 	EXP 	keyboard_instructions: autoDraw = True
47.3200 	EXP 	New trial (rep=0, index=16): OrderedDict([('word', 'laYmrY'), ('condition', 1)])
47.3260 	DATA 	Keypress: d
47.3343 	EXP 	testing_word: autoDraw = False
47.3343 	EXP 	testing_text: autoDraw = False
47.3343 	EXP 	keyboard_instructions: autoDraw = False
47.3343 	EXP 	testing_word: height = 100.0
47.3343 	EXP 	testing_word: height = 100.0
47.3343 	EXP 	testing_word: height = 100.0
47.3343 	EXP 	testing_word: text = 'laYmrY'
47.3343 	EXP 	testing_word: autoDraw = True
47.3343 	EXP 	testing_text: autoDraw = True
47.3343 	EXP 	keyboard_instructions: autoDraw = True
47.5356 	EXP 	New trial (rep=0, index=17): OrderedDict([('word', 'aYQmBb'), ('condition', 1)])
47.5440 	DATA 	Keypress: k
47.5511 	EXP 	testing_word: autoDraw = False
47.5511 	EXP 	testing_text: autoDraw = False
47.5511 	EXP 	keyboard_instructions: autoDraw = False
47.5511 	EXP 	testing_word: height = 100.0
47.5511 	EXP 	testing_word: height = 100.0
47.5511 	EXP 	testing_word: height = 100.0
47.5511 	EXP 	testing_word: text = 'aYQmBb'
47.5511 	EXP 	testing_word: autoDraw = True
47.5511 	EXP 	testing_text: autoDraw = True
47.5511 	EXP 	keyboard_instructions: autoDraw = True
47.7526 	EXP 	New trial (rep=0, index=18): OrderedDict([('word', 'dJNrYL'), ('condition', 0)])
47.7594 	DATA 	Keypress: d
47.7676 	EXP 	testing_word: autoDraw = False
47.7676 	EXP 	testing_text: autoDraw = False
47.7676 	EXP 	keyboard_instructions: autoDraw = False
47.7676 	EXP 	testing_word: height = 100.0
47.7676 	EXP 	testing_word: height = 100.0
47.7676 	EXP 	testing_word: height = 100.0
47.7676 	EXP 	testing_word: text = 'dJNrYL'
47.7676 	EXP 	testing_word: autoDraw = True
47.7676 	EXP 	testing_text: autoDraw = True
47.7676 	EXP 	keyboard_instructions: autoDraw = True
47.9869 	EXP 	New trial (rep=0, index=19): OrderedDict([('word', 'EYtYRl'), ('condition', 1)])
47.9947 	DATA 	Keypress: k
48.0008 	EXP 	testing_word: autoDraw = False
48.0008 	EXP 	testing_text: autoDraw = False
48.0008 	EXP 	keyboard_instructions: autoDraw = False
48.0008 	EXP 	testing_word: height = 100.0
48.0008 	EXP 	testing_word: height = 100.0
48.0008 	EXP 	testing_word: height = 100.0
48.0008 	EXP 	testing_word: text = 'EYtYRl'
48.0008 	EXP 	testing_word: autoDraw = True
48.0008 	EXP 	testing_text: autoDraw = True
48.0008 	EXP 	keyboard_instructions: autoDraw = True
48.2861 	EXP 	New trial (rep=0, index=20): OrderedDict([('word', 'QcladY'), ('condition', 0)])
48.2945 	DATA 	Keypress: k
48.3007 	EXP 	testing_word: autoDraw = False
48.3007 	EXP 	testing_text: autoDraw = False
48.3007 	EXP 	keyboard_instructions: autoDraw = False
48.3007 	EXP 	testing_word: height = 100.0
48.3007 	EXP 	testing_word: height = 100.0
48.3007 	EXP 	testing_word: height = 100.0
48.3007 	EXP 	testing_word: text = 'QcladY'
48.3007 	EXP 	testing_word: autoDraw = True
48.3007 	EXP 	testing_text: autoDraw = True
48.3007 	EXP 	keyboard_instructions: autoDraw = True
48.6192 	EXP 	New trial (rep=0, index=21): OrderedDict([('word', 'LuNZBb'), ('condition', 1)])
48.6293 	DATA 	Keypress: k
48.6337 	EXP 	testing_word: autoDraw = False
48.6337 	EXP 	testing_text: autoDraw = False
48.6337 	EXP 	keyboard_instructions: autoDraw = False
48.6337 	EXP 	testing_word: height = 100.0
48.6337 	EXP 	testing_word: height = 100.0
48.6337 	EXP 	testing_word: height = 100.0
48.6337 	EXP 	testing_word: text = 'LuNZBb'
48.6337 	EXP 	testing_word: autoDraw = True
48.6337 	EXP 	testing_text: autoDraw = True
48.6337 	EXP 	keyboard_instructions: autoDraw = True
48.8193 	EXP 	New trial (rep=0, index=22): OrderedDict([('word', 'laYmrl'), ('condition', 0)])
48.8247 	DATA 	Keypress: d
48.8339 	EXP 	testing_word: autoDraw = False
48.8339 	EXP 	testing_text: autoDraw = False
48.8339 	EXP 	keyboard_instructions: autoDraw = False
48.8339 	EXP 	testing_word: height = 100.0
48.8339 	EXP 	testing_word: height = 100.0
48.8339 	EXP 	testing_word: height = 100.0
48.8339 	EXP 	testing_word: text = 'laYmrl'
48.8339 	EXP 	testing_word: autoDraw = True
48.8339 	EXP 	testing_text: autoDraw = True
48.8339 	EXP 	keyboard_instructions: autoDraw = True
49.1363 	EXP 	New trial (rep=0, index=23): OrderedDict([('word', 'tmAKBb'), ('condition', 0)])
49.1413 	DATA 	Keypress: k
49.1503 	EXP 	testing_word: autoDraw = False
49.1503 	EXP 	testing_text: autoDraw = False
49.1503 	EXP 	keyboard_instructions: autoDraw = False
49.1503 	EXP 	testing_word: height = 100.0
49.1503 	EXP 	testing_word: height = 100.0
49.1503 	EXP 	testing_word: height = 100.0
49.1503 	EXP 	testing_word: text = 'tmAKBb'
49.1503 	EXP 	testing_word: autoDraw = True
49.1503 	EXP 	testing_text: autoDraw = True
49.1503 	EXP 	keyboard_instructions: autoDraw = True
49.4853 	EXP 	New trial (rep=0, index=24): OrderedDict([('word', 'hAROKY'), ('condition', 1)])
49.5029 	DATA 	Keypress: d
49.5052 	EXP 	testing_word: autoDraw = False
49.5052 	EXP 	testing_text: autoDraw = False
49.5052 	EXP 	keyboard_instructions: autoDraw = False
49.5052 	EXP 	testing_word: height = 100.0
49.5052 	EXP 	testing_word: height = 100.0
49.5052 	EXP 	testing_word: height = 100.0
49.5052 	EXP 	testing_word: text = 'hAROKY'
49.5052 	EXP 	testing_word: autoDraw = True
49.5052 	EXP 	testing_text: autoDraw = True
49.5052 	EXP 	keyboard_instructions: autoDraw = True
49.7682 	EXP 	New trial (rep=0, index=25): OrderedDict([('word', 'UAcduP'), ('condition', 1)])
49.7751 	DATA 	Keypress: k
49.7831 	EXP 	testing_word: autoDraw = False
49.7831 	EXP 	testing_text: autoDraw = False
49.7831 	EXP 	keyboard_instructions: autoDraw = False
49.7831 	EXP 	testing_word: height = 100.0
49.7831 	EXP 	testing_word: height = 100.0
49.7831 	EXP 	testing_word: height = 100.0
49.7831 	EXP 	testing_word: text = 'UAcduP'
49.7831 	EXP 	testing_word: autoDraw = True
49.7831 	EXP 	testing_text: autoDraw = True
49.7831 	EXP 	keyboard_instructions: autoDraw = True
50.0517 	EXP 	New trial (rep=0, index=26): OrderedDict([('word', 'bmbNPE'), ('condition', 1)])
50.0595 	DATA 	Keypress: k
50.0665 	EXP 	testing_word: autoDraw = False
50.0665 	EXP 	testing_text: autoDraw = False
50.0665 	EXP 	keyboard_instructions: autoDraw = False
50.0665 	EXP 	testing_word: height = 100.0
50.0665 	EXP 	testing_word: height = 100.0
50.0665 	EXP 	testing_word: height = 100.0
50.0665 	EXP 	testing_word: text = 'bmbNPE'
50.0665 	EXP 	testing_word: autoDraw = True
50.0665 	EXP 	testing_text: autoDraw = True
50.0665 	EXP 	keyboard_instructions: autoDraw = True
50.5011 	EXP 	New trial (rep=0, index=27): OrderedDict([('word', 'lCbcml'), ('condition', 1)])
50.5103 	DATA 	Keypress: k
50.5163 	EXP 	testing_word: autoDraw = False
50.5163 	EXP 	testing_text: autoDraw = False
50.5163 	EXP 	keyboard_instructions: autoDraw = False
50.5163 	EXP 	testing_word: height = 100.0
50.5163 	EXP 	testing_word: height = 100.0
50.5163 	EXP 	testing_word: height = 100.0
50.5163 	EXP 	testing_word: text = 'lCbcml'
50.5163 	EXP 	testing_word: autoDraw = True
50.5163 	EXP 	testing_text: autoDraw = True
50.5163 	EXP 	keyboard_instructions: autoDraw = True
50.7354 	EXP 	New trial (rep=0, index=28): OrderedDict([('word', 'lCbcmY'), ('condition', 0)])
50.7420 	DATA 	Keypress: d
50.7499 	EXP 	testing_word: autoDraw = False
50.7499 	EXP 	testing_text: autoDraw = False
50.7499 	EXP 	keyboard_instructions: autoDraw = False
50.7499 	EXP 	testing_word: height = 100.0
50.7499 	EXP 	testing_word: height = 100.0
50.7499 	EXP 	testing_word: height = 100.0
50.7499 	EXP 	testing_word: text = 'lCbcmY'
50.7499 	EXP 	testing_word: autoDraw = True
50.7499 	EXP 	testing_text: autoDraw = True
50.7499 	EXP 	keyboard_instructions: autoDraw = True
50.8852 	EXP 	New trial (rep=0, index=29): OrderedDict([('word', 'vAarDl'), ('condition', 1)])
50.8922 	DATA 	Keypress: k
50.8996 	EXP 	testing_word: autoDraw = False
50.8996 	EXP 	testing_text: autoDraw = False
50.8996 	EXP 	keyboard_instructions: autoDraw = False
50.8996 	EXP 	testing_word: height = 100.0
50.8996 	EXP 	testing_word: height = 100.0
50.8996 	EXP 	testing_word: height = 100.0
50.8996 	EXP 	testing_word: text = 'vAarDl'
50.8996 	EXP 	testing_word: autoDraw = True
50.8996 	EXP 	testing_text: autoDraw = True
50.8996 	EXP 	keyboard_instructions: autoDraw = True
51.1845 	EXP 	New trial (rep=0, index=30): OrderedDict([('word', 'CmcODl'), ('condition', 0)])
51.1943 	DATA 	Keypress: k
51.1994 	EXP 	testing_word: autoDraw = False
51.1994 	EXP 	testing_text: autoDraw = False
51.1994 	EXP 	keyboard_instructions: autoDraw = False
51.1994 	EXP 	testing_word: height = 100.0
51.1994 	EXP 	testing_word: height = 100.0
51.1994 	EXP 	testing_word: height = 100.0
51.1994 	EXP 	testing_word: text = 'CmcODl'
51.1994 	EXP 	testing_word: autoDraw = True
51.1994 	EXP 	testing_text: autoDraw = True
51.1994 	EXP 	keyboard_instructions: autoDraw = True
51.4513 	EXP 	New trial (rep=0, index=31): OrderedDict([('word', 'mBYlYA'), ('condition', 1)])
51.4572 	DATA 	Keypress: k
51.4661 	EXP 	testing_word: autoDraw = False
51.4661 	EXP 	testing_text: autoDraw = False
51.4661 	EXP 	keyboard_instructions: autoDraw = False
51.4661 	EXP 	testing_word: height = 100.0
51.4661 	EXP 	testing_word: height = 100.0
51.4661 	EXP 	testing_word: height = 100.0
51.4661 	EXP 	testing_word: text = 'mBYlYA'
51.4661 	EXP 	testing_word: autoDraw = True
51.4661 	EXP 	testing_text: autoDraw = True
51.4661 	EXP 	keyboard_instructions: autoDraw = True
51.6513 	EXP 	New trial (rep=0, index=32): OrderedDict([('word', 'tmAKJU'), ('condition', 1)])
51.6576 	DATA 	Keypress: d
51.6659 	EXP 	testing_word: autoDraw = False
51.6659 	EXP 	testing_text: autoDraw = False
51.6659 	EXP 	keyboard_instructions: autoDraw = False
51.6659 	EXP 	testing_word: height = 100.0
51.6659 	EXP 	testing_word: height = 100.0
51.6659 	EXP 	testing_word: height = 100.0
51.6659 	EXP 	testing_word: text = 'tmAKJU'
51.6659 	EXP 	testing_word: autoDraw = True
51.6659 	EXP 	testing_text: autoDraw = True
51.6659 	EXP 	keyboard_instructions: autoDraw = True
51.8173 	EXP 	New trial (rep=0, index=33): OrderedDict([('word', 'LuNZJU'), ('condition', 0)])
51.8239 	DATA 	Keypress: k
51.8326 	EXP 	testing_word: autoDraw = False
51.8326 	EXP 	testing_text: autoDraw = False
51.8326 	EXP 	keyboard_instructions: autoDraw = False
51.8326 	EXP 	testing_word: height = 100.0
51.8326 	EXP 	testing_word: height = 100.0
51.8326 	EXP 	testing_word: height = 100.0
51.8326 	EXP 	testing_word: text = 'LuNZJU'
51.8326 	EXP 	testing_word: autoDraw = True
51.8326 	EXP 	testing_text: autoDraw = True
51.8326 	EXP 	keyboard_instructions: autoDraw = True
52.3843 	EXP 	New trial (rep=0, index=34): OrderedDict([('word', 'EhRmkd'), ('condition', 1)])
52.3935 	DATA 	Keypress: k
52.3991 	EXP 	testing_word: autoDraw = False
52.3991 	EXP 	testing_text: autoDraw = False
52.3991 	EXP 	keyboard_instructions: autoDraw = False
52.3991 	EXP 	testing_word: height = 100.0
52.3991 	EXP 	testing_word: height = 100.0
52.3991 	EXP 	testing_word: height = 100.0
52.3991 	EXP 	testing_word: text = 'EhRmkd'
52.3991 	EXP 	testing_word: autoDraw = True
52.3991 	EXP 	testing_text: autoDraw = True
52.3991 	EXP 	keyboard_instructions: autoDraw = True
52.5559 	EXP 	New trial (rep=0, index=35): OrderedDict([('word', 'TAdhMY'), ('condition', 1)])
52.5638 	DATA 	Keypress: d
52.5654 	EXP 	testing_word: autoDraw = False
52.5654 	EXP 	testing_text: autoDraw = False
52.5654 	EXP 	keyboard_instructions: autoDraw = False
52.5654 	EXP 	testing_word: height = 100.0
52.5654 	EXP 	testing_word: height = 100.0
52.5654 	EXP 	testing_word: height = 100.0
52.5654 	EXP 	testing_word: text = 'TAdhMY'
52.5654 	EXP 	testing_word: autoDraw = True
52.5654 	EXP 	testing_text: autoDraw = True
52.5654 	EXP 	keyboard_instructions: autoDraw = True
52.7670 	EXP 	New trial (rep=0, index=36): OrderedDict([('word', 'CmcOkd'), ('condition', 1)])
52.7734 	DATA 	Keypress: k
52.7821 	EXP 	testing_word: autoDraw = False
52.7821 	EXP 	testing_text: autoDraw = False
52.7821 	EXP 	keyboard_instructions: autoDraw = False
52.7821 	EXP 	testing_word: height = 100.0
52.7821 	EXP 	testing_word: height = 100.0
52.7821 	EXP 	testing_word: height = 100.0
52.7821 	EXP 	testing_word: text = 'CmcOkd'
52.7821 	EXP 	testing_word: autoDraw = True
52.7821 	EXP 	testing_text: autoDraw = True
52.7821 	EXP 	keyboard_instructions: autoDraw = True
52.8835 	EXP 	New trial (rep=0, index=37): OrderedDict([('word', 'QcladA'), ('condition', 1)])
52.8899 	DATA 	Keypress: d
52.8988 	EXP 	testing_word: autoDraw = False
52.8988 	EXP 	testing_text: autoDraw = False
52.8988 	EXP 	keyboard_instructions: autoDraw = False
52.8988 	EXP 	testing_word: height = 100.0
52.8988 	EXP 	testing_word: height = 100.0
52.8988 	EXP 	testing_word: height = 100.0
52.8988 	EXP 	testing_word: text = 'QcladA'
52.8988 	EXP 	testing_word: autoDraw = True
52.8988 	EXP 	testing_text: autoDraw = True
52.8988 	EXP 	keyboard_instructions: autoDraw = True
53.1001 	EXP 	New trial (rep=0, index=38): OrderedDict([('word', 'EPERdB'), ('condition', 0)])
53.1068 	DATA 	Keypress: d
53.1154 	EXP 	testing_word: autoDraw = False
53.1154 	EXP 	testing_text: autoDraw = False
53.1154 	EXP 	keyboard_instructions: autoDraw = False
53.1154 	EXP 	testing_word: height = 100.0
53.1154 	EXP 	testing_word: height = 100.0
53.1154 	EXP 	testing_word: height = 100.0
53.1154 	EXP 	testing_word: text = 'EPERdB'
53.1154 	EXP 	testing_word: autoDraw = True
53.1154 	EXP 	testing_text: autoDraw = True
53.1154 	EXP 	keyboard_instructions: autoDraw = True
53.2682 	DATA 	Keypress: d
53.2822 	EXP 	testing_word: autoDraw = False
53.2822 	EXP 	testing_text: autoDraw = False
53.2822 	EXP 	keyboard_instructions: autoDraw = False
53.4655 	EXP 	window1: mouseVisible = True
